GI/app/build/outputs/mapping/release/seeds.txt
com.ignite.mdm.ticketing.agent.callcenter.AgentDepositActivity
com.ignite.mdm.ticketing.agent.callcenter.AgentDepositActivity: AgentDepositActivity()
com.ignite.mdm.ticketing.agent.callcenter.AgentDepositFillActivity
com.ignite.mdm.ticketing.agent.callcenter.AgentDepositFillActivity: AgentDepositFillActivity()
com.ignite.mdm.ticketing.agent.callcenter.AgentDepositFillActivity: void onClick(android.view.View)
com.ignite.mdm.ticketing.agent.callcenter.AgentSeatsBookingActivity
com.ignite.mdm.ticketing.agent.callcenter.AgentSeatsBookingActivity: AgentSeatsBookingActivity()
com.ignite.mdm.ticketing.agent.callcenter.BusBookingConfirmDeleteActivity
com.ignite.mdm.ticketing.agent.callcenter.BusBookingConfirmDeleteActivity: BusBookingConfirmDeleteActivity()
com.ignite.mdm.ticketing.agent.callcenter.BusBookingListActivity
com.ignite.mdm.ticketing.agent.callcenter.BusBookingListActivity: BusBookingListActivity()
com.ignite.mdm.ticketing.agent.callcenter.BusConfirmActivity
com.ignite.mdm.ticketing.agent.callcenter.BusConfirmActivity: BusConfirmActivity()
com.ignite.mdm.ticketing.agent.callcenter.BusOperatorSeatsActivity
com.ignite.mdm.ticketing.agent.callcenter.BusOperatorSeatsActivity: BusOperatorSeatsActivity()
com.ignite.mdm.ticketing.agent.callcenter.BusSelectSeatActivity
com.ignite.mdm.ticketing.agent.callcenter.BusSelectSeatActivity: BusSelectSeatActivity()
com.ignite.mdm.ticketing.agent.callcenter.CbOddPaymentActivity
com.ignite.mdm.ticketing.agent.callcenter.CbOddPaymentActivity: CbOddPaymentActivity()
com.ignite.mdm.ticketing.agent.callcenter.ChangePasswordActivity
com.ignite.mdm.ticketing.agent.callcenter.ChangePasswordActivity: ChangePasswordActivity()
com.ignite.mdm.ticketing.agent.callcenter.CustomerInfoActivity
com.ignite.mdm.ticketing.agent.callcenter.CustomerInfoActivity: CustomerInfoActivity()
com.ignite.mdm.ticketing.agent.callcenter.DeliveryActivity
com.ignite.mdm.ticketing.agent.callcenter.DeliveryActivity: DeliveryActivity()
com.ignite.mdm.ticketing.agent.callcenter.HomeActivity
com.ignite.mdm.ticketing.agent.callcenter.HomeActivity: HomeActivity()
com.ignite.mdm.ticketing.agent.callcenter.HomeNewActivity
com.ignite.mdm.ticketing.agent.callcenter.HomeNewActivity: HomeNewActivity()
com.ignite.mdm.ticketing.agent.callcenter.InvoiceActivity
com.ignite.mdm.ticketing.agent.callcenter.InvoiceActivity: InvoiceActivity()
com.ignite.mdm.ticketing.agent.callcenter.InvoiceDetailActivty
com.ignite.mdm.ticketing.agent.callcenter.InvoiceDetailActivty: InvoiceDetailActivty()
com.ignite.mdm.ticketing.agent.callcenter.InvoiceDetailDialog
com.ignite.mdm.ticketing.agent.callcenter.MainActivity
com.ignite.mdm.ticketing.agent.callcenter.MainActivity: MainActivity()
com.ignite.mdm.ticketing.agent.callcenter.MyPhoneReceiver
com.ignite.mdm.ticketing.agent.callcenter.MyPhoneReceiver: MyPhoneReceiver()
com.ignite.mdm.ticketing.agent.callcenter.NewSalesActivity
com.ignite.mdm.ticketing.agent.callcenter.NewSalesActivity: NewSalesActivity()
com.ignite.mdm.ticketing.agent.callcenter.NotiServiceActivity
com.ignite.mdm.ticketing.agent.callcenter.NotiServiceActivity: NotiServiceActivity()
com.ignite.mdm.ticketing.agent.callcenter.NotiServiceActivity$MyPhoneReceiver
com.ignite.mdm.ticketing.agent.callcenter.OutstandingActivity
com.ignite.mdm.ticketing.agent.callcenter.OutstandingActivity: OutstandingActivity()
com.ignite.mdm.ticketing.agent.callcenter.PDFBusActivity
com.ignite.mdm.ticketing.agent.callcenter.PDFBusActivity: PDFBusActivity()
com.ignite.mdm.ticketing.agent.callcenter.PDFBusActivity: void getBitmapFromView(android.view.View)
...
com.rockerhieu.rvadapter.endless.R$layout
com.rockerhieu.rvadapter.endless.R$layout: int item_loading
com.rockerhieu.rvadapter.endless.R$string
com.rockerhieu.rvadapter.endless.R$string: int app_name
com.rockerhieu.rvadapter.endless.R$styleable
com.rockerhieu.rvadapter.endless.R$styleable: int[] RecyclerView
com.rockerhieu.rvadapter.endless.R$styleable: int RecyclerView_android_orientation
com.rockerhieu.rvadapter.endless.R$styleable: int RecyclerView_layoutManager
com.rockerhieu.rvadapter.endless.R$styleable: int RecyclerView_reverseLayout
com.rockerhieu.rvadapter.endless.R$styleable: int RecyclerView_spanCount
com.rockerhieu.rvadapter.endless.R$styleable: int RecyclerView_stackFromEnd
com.rockerhieu.rvadapter.library.R$attr
com.rockerhieu.rvadapter.library.R$attr: int layoutManager
com.rockerhieu.rvadapter.library.R$attr: int reverseLayout
com.rockerhieu.rvadapter.library.R$attr: int spanCount
com.rockerhieu.rvadapter.library.R$attr: int stackFromEnd
com.rockerhieu.rvadapter.library.R$dimen
com.rockerhieu.rvadapter.library.R$dimen: int item_touch_helper_max_drag_scroll_per_frame
com.rockerhieu.rvadapter.library.R$id
com.rockerhieu.rvadapter.library.R$id: int item_touch_helper_previous_elevation
com.rockerhieu.rvadapter.library.R$string
com.rockerhieu.rvadapter.library.R$string: int app_name
com.rockerhieu.rvadapter.library.R$styleable
com.rockerhieu.rvadapter.library.R$styleable: int[] RecyclerView
com.rockerhieu.rvadapter.library.R$styleable: int RecyclerView_android_orientation
com.rockerhieu.rvadapter.library.R$styleable: int RecyclerView_layoutManager
com.rockerhieu.rvadapter.library.R$styleable: int RecyclerView_reverseLayout
com.rockerhieu.rvadapter.library.R$styleable: int RecyclerView_spanCount
com.rockerhieu.rvadapter.library.R$styleable: int RecyclerView_stackFromEnd
com.smk.custom.view.CustomAutocompleteTextView
com.smk.custom.view.CustomAutocompleteTextView: CustomAutocompleteTextView(android.content.Context)
com.smk.custom.view.CustomAutocompleteTextView: CustomAutocompleteTextView(android.content.Context,android.util.AttributeSet)
com.smk.custom.view.CustomAutocompleteTextView: CustomAutocompleteTextView(android.content.Context,android.util.AttributeSet,int)
com.smk.custom.view.CustomButton
com.smk.custom.view.CustomButton: CustomButton(android.content.Context)
com.smk.custom.view.CustomButton: CustomButton(android.content.Context,android.util.AttributeSet)
com.smk.custom.view.CustomEditText
com.smk.custom.view.CustomEditText: CustomEditText(android.content.Context)
com.smk.custom.view.CustomEditText: CustomEditText(android.content.Context,android.util.AttributeSet)
com.smk.custom.view.CustomTextView
com.smk.custom.view.CustomTextView: CustomTextView(android.content.Context)
com.smk.custom.view.CustomTextView: CustomTextView(android.content.Context,android.util.AttributeSet)
com.smk.custom.view.DosisMediumTextView
com.smk.custom.view.DosisMediumTextView: DosisMediumTextView(android.content.Context)
com.smk.custom.view.DosisMediumTextView: DosisMediumTextView(android.content.Context,android.util.AttributeSet)
com.smk.custom.view.ZoomLayout
com.smk.custom.view.ZoomLayout: ZoomLayout(android.content.Context)
com.smk.custom.view.ZoomLayout: ZoomLayout(android.content.Context,android.util.AttributeSet)
com.smk.custom.view.ZoomLayout: ZoomLayout(android.content.Context,android.util.AttributeSet,int)
com.smk.custom.view.ZoomLayout$Mode
com.smk.custom.view.ZoomLayout$Mode: com.smk.custom.view.ZoomLayout$Mode NONE
com.smk.custom.view.ZoomLayout$Mode: com.smk.custom.view.ZoomLayout$Mode DRAG
com.smk.custom.view.ZoomLayout$Mode: com.smk.custom.view.ZoomLayout$Mode ZOOM
com.smk.custom.view.ZoomLayout$Mode: com.smk.custom.view.ZoomLayout$Mode[] values()
com.smk.custom.view.ZoomLayout$Mode: com.smk.custom.view.ZoomLayout$Mode valueOf(java.lang.String)
com.smk.custom.view.ZoomLayout$Mode: void <clinit>()
com.smk.skalertmessage.R$anim
com.smk.skalertmessage.R$anim: int top_in
com.smk.skalertmessage.R$anim: int top_out