GI/app/build/outputs/mapping/release/usage.txt
com.ignite.mdm.ticketing.agent.callcenter.AgentDepositActivity:
    private com.ignite.mdm.ticketing.sqlite.database.model.AgentDeposit agentDepositObj
    376:401:private void getSearchTotal()
    405:415:private void getAgentSoldAmount()
    557:558:private java.lang.String DecimalFormatter(java.lang.Double)
    563:569:private void clearTotal()
com.ignite.mdm.ticketing.agent.callcenter.AgentDepositActivity$1$1:
    private java.util.Date today
com.ignite.mdm.ticketing.agent.callcenter.AgentDepositActivity$1$2:
    private java.util.Date today
com.ignite.mdm.ticketing.agent.callcenter.AgentSeatsBookingActivity:
    private android.app.NotificationManager myNotificationManager
    195:213:public static void setListViewHeightBasedOnChildren(android.widget.ListView)
    218:253:protected void displayPromoNoti()
com.ignite.mdm.ticketing.agent.callcenter.BR
com.ignite.mdm.ticketing.agent.callcenter.BuildConfig
com.ignite.mdm.ticketing.agent.callcenter.BusBookingConfirmDeleteActivity:
    private android.support.v7.app.ActionBar actionBar
    private android.widget.TextView actionBarTitle
    private android.widget.TextView action_bar_title2
    protected java.lang.String[] ticketArray
    268:287:private void payCredit()
com.ignite.mdm.ticketing.agent.callcenter.BusBookingListActivity:
    private android.support.v7.app.ActionBar actionBar
    private android.widget.TextView actionBarTitle
    private android.widget.Button btn_search
    private android.widget.TextView action_bar_title2
    private java.lang.String operatorId
    protected java.util.List fromCities
    protected java.util.List toCities
    protected java.util.List Times
    194:239:private void getBookingListByUser()
    373:399:private void ShowFilterDialog()
    434:434:private void getCity()
    448:448:private void getTimeData()
com.ignite.mdm.ticketing.agent.callcenter.BusBookingListActivity$2
com.ignite.mdm.ticketing.agent.callcenter.BusBookingListActivity$2$1
com.ignite.mdm.ticketing.agent.callcenter.BusBookingListActivity$5
com.ignite.mdm.ticketing.agent.callcenter.BusConfirmActivity:
    private android.support.v7.app.ActionBar actionBar
    private android.widget.TextView actionBarTitle
    private java.util.List agents
    private android.widget.ArrayAdapter agentListAdapter
    private android.widget.EditText ticket_no
    private android.widget.TextView actionBarTitle2
    941:989:protected void postOnlineSale(java.lang.String)
    1088:1108:public boolean checkFieldsOperator()
    1159:1201:private void getAgent()
    75:75:static synthetic void access$2700(com.ignite.mdm.ticketing.agent.callcenter.BusConfirmActivity)
    75:75:static synthetic java.util.List access$3302(com.ignite.mdm.ticketing.agent.callcenter.BusConfirmActivity,java.util.List)
    75:75:static synthetic java.util.List access$3300(com.ignite.mdm.ticketing.agent.callcenter.BusConfirmActivity)
    75:75:static synthetic android.widget.ArrayAdapter access$3402(com.ignite.mdm.ticketing.agent.callcenter.BusConfirmActivity,android.widget.ArrayAdapter)
    75:75:static synthetic android.widget.ArrayAdapter access$3400(com.ignite.mdm.ticketing.agent.callcenter.BusConfirmActivity)
    75:75:static synthetic android.widget.AutoCompleteTextView access$3500(com.ignite.mdm.ticketing.agent.callcenter.BusConfirmActivity)
    75:75:static synthetic java.lang.String access$3600(com.ignite.mdm.ticketing.agent.callcenter.BusConfirmActivity)
com.ignite.mdm.ticketing.agent.callcenter.BusConfirmActivity$10
com.ignite.mdm.ticketing.agent.callcenter.BusConfirmActivity$12
com.ignite.mdm.ticketing.agent.callcenter.BusConfirmActivity$12$1
com.ignite.mdm.ticketing.agent.callcenter.BusConfirmActivity$12$2
...
android.support.v4.content.ModernAsyncTask$2
android.support.v4.content.ModernAsyncTask$3
android.support.v4.content.ModernAsyncTask$4
android.support.v4.content.ModernAsyncTask$AsyncTaskResult
android.support.v4.content.ModernAsyncTask$InternalHandler
android.support.v4.content.ModernAsyncTask$Status
android.support.v4.content.ModernAsyncTask$WorkerRunnable
android.support.v4.content.ParallelExecutorCompat
android.support.v4.content.PermissionChecker:
    public static final int PERMISSION_GRANTED
    public static final int PERMISSION_DENIED
    public static final int PERMISSION_DENIED_APP_OP
    70:72:private PermissionChecker()
    142:146:public static int checkCallingPermission(android.content.Context,java.lang.String,java.lang.String)
    160:163:public static int checkCallingOrSelfPermission(android.content.Context,java.lang.String)
android.support.v4.content.PermissionChecker$PermissionResult
android.support.v4.content.SharedPreferencesCompat
android.support.v4.content.SharedPreferencesCompat$EditorCompat
android.support.v4.content.SharedPreferencesCompat$EditorCompat$Helper
android.support.v4.content.WakefulBroadcastReceiver:
    private static final java.lang.String EXTRA_WAKE_LOCK_ID
    83:103:public static android.content.ComponentName startWakefulService(android.content.Context,android.content.Intent)
    115:134:public static boolean completeWakefulIntent(android.content.Intent)
android.support.v4.content.pm.ActivityInfoCompat
android.support.v4.content.res.ConfigurationHelper:
    42:42:private ConfigurationHelper()
    143:143:public static int getDensityDpi(android.content.res.Resources)
android.support.v4.content.res.ConfigurationHelper$ConfigurationHelperImpl:
    public abstract int getDensityDpi(android.content.res.Resources)
android.support.v4.content.res.ConfigurationHelper$GingerbreadImpl:
    72:72:public int getDensityDpi(android.content.res.Resources)
android.support.v4.content.res.ConfigurationHelper$JellybeanMr1Impl:
    102:102:public int getDensityDpi(android.content.res.Resources)
android.support.v4.content.res.ConfigurationHelperGingerbread:
    27:27:ConfigurationHelperGingerbread()
    45:45:static int getDensityDpi(android.content.res.Resources)
android.support.v4.content.res.ConfigurationHelperHoneycombMr2:
    26:26:ConfigurationHelperHoneycombMr2()
android.support.v4.content.res.ConfigurationHelperJellybeanMr1
android.support.v4.content.res.ResourcesCompat:
    92:97:public static android.graphics.drawable.Drawable getDrawableForDensity(android.content.res.Resources,int,int,android.content.res.Resources$Theme)
    122:125:public static int getColor(android.content.res.Resources,int,android.content.res.Resources$Theme)
    152:155:public static android.content.res.ColorStateList getColorStateList(android.content.res.Resources,int,android.content.res.Resources$Theme)
    159:159:private ResourcesCompat()
android.support.v4.content.res.ResourcesCompatApi21:
    28:28:ResourcesCompatApi21()
    36:36:public static android.graphics.drawable.Drawable getDrawableForDensity(android.content.res.Resources,int,int,android.content.res.Resources$Theme)
android.support.v4.content.res.ResourcesCompatApi23
android.support.v4.content.res.ResourcesCompatIcsMr1
android.support.v4.content.res.TypedArrayUtils
android.support.v4.database.DatabaseUtilsCompat
android.support.v4.graphics.BitmapCompat
android.support.v4.graphics.BitmapCompat$BaseBitmapImpl
android.support.v4.graphics.BitmapCompat$BitmapImpl
android.support.v4.graphics.BitmapCompat$HcMr1BitmapCompatImpl
android.support.v4.graphics.BitmapCompat$JbMr2BitmapCompatImpl
android.support.v4.graphics.BitmapCompat$KitKatBitmapCompatImpl
android.support.v4.graphics.BitmapCompatHoneycombMr1
android.support.v4.graphics.BitmapCompatJellybeanMR2
android.support.v4.graphics.BitmapCompatKitKat